<?xml version="1.0" encoding="UTF-8"?>
<coverage generated="1771030048303" clover="3.2.0">
  <project timestamp="1771030048303" name="All files">
    <metrics statements="145" coveredstatements="131" conditionals="113" coveredconditionals="98" methods="20" coveredmethods="19" elements="278" coveredelements="248" complexity="0" loc="145" ncloc="145" packages="1" files="2" classes="2"/>
    <file name="gameService.js" path="/home/tgriffin/project/src/api/services/gameService.js">
      <metrics statements="74" coveredstatements="68" conditionals="45" coveredconditionals="37" methods="9" coveredmethods="8"/>
      <line num="1" count="1" type="stmt"/>
      <line num="7" count="1" type="stmt"/>
      <line num="9" count="1" type="stmt"/>
      <line num="10" count="13" type="stmt"/>
      <line num="11" count="13" type="stmt"/>
      <line num="12" count="13" type="cond" truecount="2" falsecount="0"/>
      <line num="13" count="5" type="stmt"/>
      <line num="15" count="13" type="stmt"/>
      <line num="18" count="1" type="cond" truecount="0" falsecount="1"/>
      <line num="19" count="5" type="cond" truecount="5" falsecount="0"/>
      <line num="20" count="1" type="stmt"/>
      <line num="22" count="4" type="stmt"/>
      <line num="23" count="4" type="stmt"/>
      <line num="26" count="1" type="stmt"/>
      <line num="27" count="5" type="cond" truecount="1" falsecount="1"/>
      <line num="28" count="0" type="stmt"/>
      <line num="30" count="5" type="stmt"/>
      <line num="31" count="5" type="stmt"/>
      <line num="37" count="1" type="cond" truecount="2" falsecount="0"/>
      <line num="38" count="5" type="stmt"/>
      <line num="39" count="5" type="cond" truecount="2" falsecount="0"/>
      <line num="40" count="2" type="stmt"/>
      <line num="43" count="3" type="stmt"/>
      <line num="44" count="3" type="stmt"/>
      <line num="49" count="3" type="stmt"/>
      <line num="58" count="3" type="stmt"/>
      <line num="59" count="3" type="stmt"/>
      <line num="60" count="6" type="stmt"/>
      <line num="61" count="6" type="stmt"/>
      <line num="62" count="6" type="cond" truecount="2" falsecount="0"/>
      <line num="63" count="2" type="stmt"/>
      <line num="65" count="4" type="stmt"/>
      <line num="68" count="1" type="stmt"/>
      <line num="71" count="1" type="cond" truecount="1" falsecount="0"/>
      <line num="72" count="8" type="stmt"/>
      <line num="73" count="8" type="cond" truecount="1" falsecount="1"/>
      <line num="74" count="0" type="stmt"/>
      <line num="77" count="8" type="cond" truecount="2" falsecount="0"/>
      <line num="78" count="1" type="stmt"/>
      <line num="81" count="7" type="stmt"/>
      <line num="82" count="7" type="cond" truecount="2" falsecount="0"/>
      <line num="83" count="1" type="stmt"/>
      <line num="85" count="6" type="cond" truecount="2" falsecount="0"/>
      <line num="86" count="1" type="stmt"/>
      <line num="88" count="5" type="cond" truecount="2" falsecount="0"/>
      <line num="89" count="1" type="stmt"/>
      <line num="92" count="4" type="cond" truecount="1" falsecount="1"/>
      <line num="93" count="4" type="stmt"/>
      <line num="94" count="4" type="cond" truecount="2" falsecount="0"/>
      <line num="95" count="2" type="stmt"/>
      <line num="99" count="2" type="stmt"/>
      <line num="100" count="2" type="stmt"/>
      <line num="101" count="2" type="stmt"/>
      <line num="107" count="2" type="cond" truecount="2" falsecount="0"/>
      <line num="108" count="1" type="stmt"/>
      <line num="111" count="1" type="stmt"/>
      <line num="114" count="1" type="stmt"/>
      <line num="115" count="4" type="stmt"/>
      <line num="116" count="4" type="cond" truecount="2" falsecount="0"/>
      <line num="117" count="1" type="stmt"/>
      <line num="119" count="3" type="cond" truecount="2" falsecount="0"/>
      <line num="120" count="1" type="stmt"/>
      <line num="123" count="2" type="stmt"/>
      <line num="124" count="2" type="cond" truecount="2" falsecount="0"/>
      <line num="125" count="1" type="stmt"/>
      <line num="129" count="1" type="stmt"/>
      <line num="130" count="0" type="stmt"/>
      <line num="131" count="0" type="cond" truecount="0" falsecount="2"/>
      <line num="132" count="0" type="stmt"/>
      <line num="134" count="0" type="stmt"/>
      <line num="137" count="1" type="stmt"/>
      <line num="138" count="2" type="stmt"/>
      <line num="139" count="2" type="stmt"/>
      <line num="142" count="1" type="stmt"/>
    </file>
    <file name="gameValidation.js" path="/home/tgriffin/project/src/api/services/gameValidation.js">
      <metrics statements="71" coveredstatements="63" conditionals="68" coveredconditionals="61" methods="11" coveredmethods="11"/>
      <line num="1" count="46" type="cond" truecount="2" falsecount="0"/>
      <line num="3" count="1" type="stmt"/>
      <line num="4" count="24" type="cond" truecount="3" falsecount="0"/>
      <line num="6" count="1" type="stmt"/>
      <line num="7" count="7" type="stmt"/>
      <line num="8" count="7" type="cond" truecount="4" falsecount="0"/>
      <line num="9" count="1" type="stmt"/>
      <line num="10" count="1" type="stmt"/>
      <line num="13" count="6" type="cond" truecount="2" falsecount="0"/>
      <line num="14" count="1" type="stmt"/>
      <line num="17" count="6" type="cond" truecount="2" falsecount="0"/>
      <line num="18" count="1" type="stmt"/>
      <line num="20" count="5" type="cond" truecount="2" falsecount="0"/>
      <line num="21" count="1" type="stmt"/>
      <line num="23" count="5" type="stmt"/>
      <line num="24" count="4" type="cond" truecount="4" falsecount="0"/>
      <line num="25" count="1" type="stmt"/>
      <line num="30" count="6" type="stmt"/>
      <line num="33" count="1" type="stmt"/>
      <line num="34" count="9" type="stmt"/>
      <line num="35" count="9" type="cond" truecount="3" falsecount="1"/>
      <line num="36" count="0" type="stmt"/>
      <line num="37" count="0" type="stmt"/>
      <line num="40" count="9" type="cond" truecount="2" falsecount="0"/>
      <line num="41" count="1" type="stmt"/>
      <line num="43" count="9" type="cond" truecount="2" falsecount="0"/>
      <line num="44" count="1" type="stmt"/>
      <line num="46" count="9" type="cond" truecount="2" falsecount="0"/>
      <line num="47" count="1" type="stmt"/>
      <line num="49" count="9" type="cond" truecount="2" falsecount="0"/>
      <line num="50" count="1" type="stmt"/>
      <line num="52" count="9" type="cond" truecount="2" falsecount="0"/>
      <line num="53" count="1" type="stmt"/>
      <line num="55" count="8" type="cond" truecount="1" falsecount="1"/>
      <line num="56" count="0" type="stmt"/>
      <line num="58" count="8" type="stmt"/>
      <line num="59" count="9" type="cond" truecount="3" falsecount="1"/>
      <line num="60" count="0" type="stmt"/>
      <line num="64" count="9" type="cond" truecount="2" falsecount="0"/>
      <line num="65" count="1" type="stmt"/>
      <line num="67" count="9" type="cond" truecount="2" falsecount="0"/>
      <line num="68" count="1" type="stmt"/>
      <line num="70" count="9" type="cond" truecount="2" falsecount="0"/>
      <line num="71" count="1" type="stmt"/>
      <line num="74" count="9" type="stmt"/>
      <line num="77" count="1" type="stmt"/>
      <line num="78" count="4" type="stmt"/>
      <line num="79" count="4" type="cond" truecount="3" falsecount="1"/>
      <line num="80" count="0" type="stmt"/>
      <line num="81" count="0" type="stmt"/>
      <line num="84" count="4" type="stmt"/>
      <line num="85" count="4" type="cond" truecount="5" falsecount="0"/>
      <line num="86" count="1" type="stmt"/>
      <line num="87" count="1" type="stmt"/>
      <line num="90" count="4" type="stmt"/>
      <line num="91" count="3" type="stmt"/>
      <line num="92" count="4" type="cond" truecount="1" falsecount="1"/>
      <line num="93" count="0" type="stmt"/>
      <line num="97" count="3" type="cond" truecount="2" falsecount="0"/>
      <line num="100" count="3" type="cond" truecount="2" falsecount="0"/>
      <line num="101" count="1" type="stmt"/>
      <line num="102" count="1" type="stmt"/>
      <line num="103" count="2" type="stmt"/>
      <line num="104" count="2" type="cond" truecount="3" falsecount="1"/>
      <line num="105" count="0" type="stmt"/>
      <line num="107" count="2" type="cond" truecount="2" falsecount="0"/>
      <line num="109" count="1" type="stmt"/>
      <line num="110" count="1" type="cond" truecount="1" falsecount="1"/>
      <line num="111" count="1" type="stmt"/>
      <line num="116" count="3" type="stmt"/>
      <line num="119" count="1" type="stmt"/>
    </file>
  </project>
</coverage>
