{"/home/tgriffin/project/src/api/services/gameService.js": {"path":"/home/tgriffin/project/src/api/services/gameService.js","statementMap":{"0":{"start":{"line":1,"column":23},"end":{"line":1,"column":40}},"1":{"start":{"line":7,"column":4},"end":{"line":7,"column":31}},"2":{"start":{"line":9,"column":27},"end":{"line":16,"column":1}},"3":{"start":{"line":10,"column":16},"end":{"line":10,"column":34}},"4":{"start":{"line":11,"column":2},"end":{"line":11,"column":19}},"5":{"start":{"line":12,"column":2},"end":{"line":14,"column":3}},"6":{"start":{"line":13,"column":4},"end":{"line":13,"column":27}},"7":{"start":{"line":15,"column":2},"end":{"line":15,"column":14}},"8":{"start":{"line":18,"column":25},"end":{"line":24,"column":1}},"9":{"start":{"line":19,"column":2},"end":{"line":21,"column":3}},"10":{"start":{"line":20,"column":4},"end":{"line":20,"column":13}},"11":{"start":{"line":22,"column":83},"end":{"line":22,"column":91}},"12":{"start":{"line":23,"column":2},"end":{"line":23,"column":13}},"13":{"start":{"line":26,"column":21},"end":{"line":35,"column":1}},"14":{"start":{"line":27,"column":2},"end":{"line":29,"column":3}},"15":{"start":{"line":28,"column":4},"end":{"line":28,"column":15}},"16":{"start":{"line":30,"column":49},"end":{"line":30,"column":55}},"17":{"start":{"line":31,"column":2},"end":{"line":34,"column":3}},"18":{"start":{"line":37,"column":19},"end":{"line":69,"column":1}},"19":{"start":{"line":38,"column":17},"end":{"line":38,"column":47}},"20":{"start":{"line":39,"column":2},"end":{"line":41,"column":3}},"21":{"start":{"line":40,"column":4},"end":{"line":40,"column":72}},"22":{"start":{"line":43,"column":20},"end":{"line":43,"column":25}},"23":{"start":{"line":44,"column":19},"end":{"line":56,"column":3}},"24":{"start":{"line":49,"column":46},"end":{"line":52,"column":5}},"25":{"start":{"line":58,"column":17},"end":{"line":58,"column":18}},"26":{"start":{"line":59,"column":2},"end":{"line":66,"column":3}},"27":{"start":{"line":60,"column":19},"end":{"line":60,"column":25}},"28":{"start":{"line":61,"column":19},"end":{"line":61,"column":77}},"29":{"start":{"line":62,"column":4},"end":{"line":64,"column":5}},"30":{"start":{"line":63,"column":6},"end":{"line":63,"column":33}},"31":{"start":{"line":65,"column":4},"end":{"line":65,"column":17}},"32":{"start":{"line":68,"column":2},"end":{"line":68,"column":60}},"33":{"start":{"line":71,"column":19},"end":{"line":112,"column":1}},"34":{"start":{"line":72,"column":17},"end":{"line":72,"column":47}},"35":{"start":{"line":73,"column":2},"end":{"line":75,"column":3}},"36":{"start":{"line":74,"column":4},"end":{"line":74,"column":72}},"37":{"start":{"line":77,"column":2},"end":{"line":79,"column":3}},"38":{"start":{"line":78,"column":4},"end":{"line":78,"column":124}},"39":{"start":{"line":81,"column":19},"end":{"line":81,"column":49}},"40":{"start":{"line":82,"column":2},"end":{"line":84,"column":3}},"41":{"start":{"line":83,"column":4},"end":{"line":83,"column":59}},"42":{"start":{"line":85,"column":2},"end":{"line":87,"column":3}},"43":{"start":{"line":86,"column":4},"end":{"line":86,"column":88}},"44":{"start":{"line":88,"column":2},"end":{"line":90,"column":3}},"45":{"start":{"line":89,"column":4},"end":{"line":89,"column":61}},"46":{"start":{"line":92,"column":2},"end":{"line":97,"column":3}},"47":{"start":{"line":93,"column":28},"end":{"line":93,"column":61}},"48":{"start":{"line":94,"column":4},"end":{"line":96,"column":5}},"49":{"start":{"line":95,"column":6},"end":{"line":95,"column":83}},"50":{"start":{"line":99,"column":20},"end":{"line":99,"column":25}},"51":{"start":{"line":100,"column":22},"end":{"line":100,"column":41}},"52":{"start":{"line":101,"column":17},"end":{"line":105,"column":21}},"53":{"start":{"line":107,"column":2},"end":{"line":109,"column":3}},"54":{"start":{"line":108,"column":4},"end":{"line":108,"column":61}},"55":{"start":{"line":111,"column":2},"end":{"line":111,"column":29}},"56":{"start":{"line":114,"column":19},"end":{"line":127,"column":1}},"57":{"start":{"line":115,"column":19},"end":{"line":115,"column":49}},"58":{"start":{"line":116,"column":2},"end":{"line":118,"column":3}},"59":{"start":{"line":117,"column":4},"end":{"line":117,"column":59}},"60":{"start":{"line":119,"column":2},"end":{"line":121,"column":3}},"61":{"start":{"line":120,"column":4},"end":{"line":120,"column":88}},"62":{"start":{"line":123,"column":18},"end":{"line":123,"column":55}},"63":{"start":{"line":124,"column":2},"end":{"line":126,"column":3}},"64":{"start":{"line":125,"column":4},"end":{"line":125,"column":59}},"65":{"start":{"line":129,"column":20},"end":{"line":135,"column":1}},"66":{"start":{"line":130,"column":17},"end":{"line":130,"column":47}},"67":{"start":{"line":131,"column":2},"end":{"line":133,"column":3}},"68":{"start":{"line":132,"column":4},"end":{"line":132,"column":59}},"69":{"start":{"line":134,"column":2},"end":{"line":134,"column":29}},"70":{"start":{"line":137,"column":24},"end":{"line":140,"column":1}},"71":{"start":{"line":138,"column":18},"end":{"line":138,"column":52}},"72":{"start":{"line":139,"column":2},"end":{"line":139,"column":34}},"73":{"start":{"line":142,"column":0},"end":{"line":148,"column":1}}},"fnMap":{"0":{"name":"(anonymous_0)","decl":{"start":{"line":9,"column":27},"end":{"line":9,"column":28}},"loc":{"start":{"line":9,"column":55},"end":{"line":16,"column":1}},"line":9},"1":{"name":"(anonymous_1)","decl":{"start":{"line":18,"column":25},"end":{"line":18,"column":26}},"loc":{"start":{"line":18,"column":44},"end":{"line":24,"column":1}},"line":18},"2":{"name":"(anonymous_2)","decl":{"start":{"line":26,"column":21},"end":{"line":26,"column":22}},"loc":{"start":{"line":26,"column":33},"end":{"line":35,"column":1}},"line":26},"3":{"name":"(anonymous_3)","decl":{"start":{"line":37,"column":19},"end":{"line":37,"column":20}},"loc":{"start":{"line":37,"column":91},"end":{"line":69,"column":1}},"line":37},"4":{"name":"(anonymous_4)","decl":{"start":{"line":49,"column":33},"end":{"line":49,"column":34}},"loc":{"start":{"line":49,"column":46},"end":{"line":52,"column":5}},"line":49},"5":{"name":"(anonymous_5)","decl":{"start":{"line":71,"column":19},"end":{"line":71,"column":20}},"loc":{"start":{"line":71,"column":80},"end":{"line":112,"column":1}},"line":71},"6":{"name":"(anonymous_6)","decl":{"start":{"line":114,"column":19},"end":{"line":114,"column":20}},"loc":{"start":{"line":114,"column":55},"end":{"line":127,"column":1}},"line":114},"7":{"name":"(anonymous_7)","decl":{"start":{"line":129,"column":20},"end":{"line":129,"column":21}},"loc":{"start":{"line":129,"column":48},"end":{"line":135,"column":1}},"line":129},"8":{"name":"(anonymous_8)","decl":{"start":{"line":137,"column":24},"end":{"line":137,"column":25}},"loc":{"start":{"line":137,"column":52},"end":{"line":140,"column":1}},"line":137}},"branchMap":{"0":{"loc":{"start":{"line":12,"column":2},"end":{"line":14,"column":3}},"type":"if","locations":[{"start":{"line":12,"column":2},"end":{"line":14,"column":3}},{"start":{},"end":{}}],"line":12},"1":{"loc":{"start":{"line":18,"column":26},"end":{"line":18,"column":39}},"type":"default-arg","locations":[{"start":{"line":18,"column":37},"end":{"line":18,"column":39}}],"line":18},"2":{"loc":{"start":{"line":19,"column":2},"end":{"line":21,"column":3}},"type":"if","locations":[{"start":{"line":19,"column":2},"end":{"line":21,"column":3}},{"start":{},"end":{}}],"line":19},"3":{"loc":{"start":{"line":19,"column":6},"end":{"line":19,"column":74}},"type":"binary-expr","locations":[{"start":{"line":19,"column":6},"end":{"line":19,"column":15}},{"start":{"line":19,"column":19},"end":{"line":19,"column":47}},{"start":{"line":19,"column":51},"end":{"line":19,"column":74}}],"line":19},"4":{"loc":{"start":{"line":27,"column":2},"end":{"line":29,"column":3}},"type":"if","locations":[{"start":{"line":27,"column":2},"end":{"line":29,"column":3}},{"start":{},"end":{}}],"line":27},"5":{"loc":{"start":{"line":37,"column":51},"end":{"line":37,"column":65}},"type":"default-arg","locations":[{"start":{"line":37,"column":57},"end":{"line":37,"column":65}}],"line":37},"6":{"loc":{"start":{"line":37,"column":67},"end":{"line":37,"column":84}},"type":"default-arg","locations":[{"start":{"line":37,"column":74},"end":{"line":37,"column":84}}],"line":37},"7":{"loc":{"start":{"line":39,"column":2},"end":{"line":41,"column":3}},"type":"if","locations":[{"start":{"line":39,"column":2},"end":{"line":41,"column":3}},{"start":{},"end":{}}],"line":39},"8":{"loc":{"start":{"line":53,"column":22},"end":{"line":53,"column":93}},"type":"cond-expr","locations":[{"start":{"line":53,"column":64},"end":{"line":53,"column":88}},{"start":{"line":53,"column":91},"end":{"line":53,"column":93}}],"line":53},"9":{"loc":{"start":{"line":54,"column":14},"end":{"line":54,"column":69}},"type":"cond-expr","locations":[{"start":{"line":54,"column":48},"end":{"line":54,"column":64}},{"start":{"line":54,"column":67},"end":{"line":54,"column":69}}],"line":54},"10":{"loc":{"start":{"line":62,"column":4},"end":{"line":64,"column":5}},"type":"if","locations":[{"start":{"line":62,"column":4},"end":{"line":64,"column":5}},{"start":{},"end":{}}],"line":62},"11":{"loc":{"start":{"line":71,"column":59},"end":{"line":71,"column":73}},"type":"default-arg","locations":[{"start":{"line":71,"column":65},"end":{"line":71,"column":73}}],"line":71},"12":{"loc":{"start":{"line":73,"column":2},"end":{"line":75,"column":3}},"type":"if","locations":[{"start":{"line":73,"column":2},"end":{"line":75,"column":3}},{"start":{},"end":{}}],"line":73},"13":{"loc":{"start":{"line":77,"column":2},"end":{"line":79,"column":3}},"type":"if","locations":[{"start":{"line":77,"column":2},"end":{"line":79,"column":3}},{"start":{},"end":{}}],"line":77},"14":{"loc":{"start":{"line":82,"column":2},"end":{"line":84,"column":3}},"type":"if","locations":[{"start":{"line":82,"column":2},"end":{"line":84,"column":3}},{"start":{},"end":{}}],"line":82},"15":{"loc":{"start":{"line":85,"column":2},"end":{"line":87,"column":3}},"type":"if","locations":[{"start":{"line":85,"column":2},"end":{"line":87,"column":3}},{"start":{},"end":{}}],"line":85},"16":{"loc":{"start":{"line":88,"column":2},"end":{"line":90,"column":3}},"type":"if","locations":[{"start":{"line":88,"column":2},"end":{"line":90,"column":3}},{"start":{},"end":{}}],"line":88},"17":{"loc":{"start":{"line":92,"column":2},"end":{"line":97,"column":3}},"type":"if","locations":[{"start":{"line":92,"column":2},"end":{"line":97,"column":3}},{"start":{},"end":{}}],"line":92},"18":{"loc":{"start":{"line":94,"column":4},"end":{"line":96,"column":5}},"type":"if","locations":[{"start":{"line":94,"column":4},"end":{"line":96,"column":5}},{"start":{},"end":{}}],"line":94},"19":{"loc":{"start":{"line":107,"column":2},"end":{"line":109,"column":3}},"type":"if","locations":[{"start":{"line":107,"column":2},"end":{"line":109,"column":3}},{"start":{},"end":{}}],"line":107},"20":{"loc":{"start":{"line":116,"column":2},"end":{"line":118,"column":3}},"type":"if","locations":[{"start":{"line":116,"column":2},"end":{"line":118,"column":3}},{"start":{},"end":{}}],"line":116},"21":{"loc":{"start":{"line":119,"column":2},"end":{"line":121,"column":3}},"type":"if","locations":[{"start":{"line":119,"column":2},"end":{"line":121,"column":3}},{"start":{},"end":{}}],"line":119},"22":{"loc":{"start":{"line":124,"column":2},"end":{"line":126,"column":3}},"type":"if","locations":[{"start":{"line":124,"column":2},"end":{"line":126,"column":3}},{"start":{},"end":{}}],"line":124},"23":{"loc":{"start":{"line":131,"column":2},"end":{"line":133,"column":3}},"type":"if","locations":[{"start":{"line":131,"column":2},"end":{"line":133,"column":3}},{"start":{},"end":{}}],"line":131}},"s":{"0":1,"1":1,"2":1,"3":13,"4":13,"5":13,"6":5,"7":13,"8":1,"9":5,"10":1,"11":4,"12":4,"13":1,"14":5,"15":0,"16":5,"17":5,"18":1,"19":5,"20":5,"21":2,"22":3,"23":3,"24":3,"25":3,"26":3,"27":6,"28":6,"29":6,"30":2,"31":4,"32":1,"33":1,"34":8,"35":8,"36":0,"37":8,"38":1,"39":7,"40":7,"41":1,"42":6,"43":1,"44":5,"45":1,"46":4,"47":4,"48":4,"49":2,"50":2,"51":2,"52":2,"53":2,"54":1,"55":1,"56":1,"57":4,"58":4,"59":1,"60":3,"61":1,"62":2,"63":2,"64":1,"65":1,"66":0,"67":0,"68":0,"69":0,"70":1,"71":2,"72":2,"73":1},"f":{"0":13,"1":5,"2":5,"3":5,"4":3,"5":8,"6":4,"7":0,"8":2},"b":{"0":[5,8],"1":[0],"2":[1,4],"3":[5,5,4],"4":[0,5],"5":[4],"6":[3],"7":[2,3],"8":[0,3],"9":[0,3],"10":[2,4],"11":[7],"12":[0,8],"13":[1,7],"14":[1,6],"15":[1,5],"16":[1,4],"17":[4,0],"18":[2,2],"19":[1,1],"20":[1,3],"21":[1,2],"22":[1,1],"23":[0,0]},"_coverageSchema":"1a1c01bbd47fc00a2c39e90264f33305004495a9","hash":"d74b4c3a965d5808c2c101529ac6cb7d2a28affc"}
,"/home/tgriffin/project/src/api/services/gameValidation.js": {"path":"/home/tgriffin/project/src/api/services/gameValidation.js","statementMap":{"0":{"start":{"line":1,"column":25},"end":{"line":1,"column":88}},"1":{"start":{"line":1,"column":36},"end":{"line":1,"column":88}},"2":{"start":{"line":3,"column":22},"end":{"line":4,"column":70}},"3":{"start":{"line":4,"column":2},"end":{"line":4,"column":70}},"4":{"start":{"line":6,"column":30},"end":{"line":31,"column":1}},"5":{"start":{"line":7,"column":17},"end":{"line":7,"column":19}},"6":{"start":{"line":8,"column":2},"end":{"line":11,"column":3}},"7":{"start":{"line":9,"column":4},"end":{"line":9,"column":75}},"8":{"start":{"line":10,"column":4},"end":{"line":10,"column":17}},"9":{"start":{"line":13,"column":2},"end":{"line":15,"column":3}},"10":{"start":{"line":14,"column":4},"end":{"line":14,"column":69}},"11":{"start":{"line":17,"column":2},"end":{"line":28,"column":3}},"12":{"start":{"line":18,"column":4},"end":{"line":18,"column":74}},"13":{"start":{"line":20,"column":4},"end":{"line":22,"column":5}},"14":{"start":{"line":21,"column":6},"end":{"line":21,"column":84}},"15":{"start":{"line":23,"column":4},"end":{"line":27,"column":6}},"16":{"start":{"line":24,"column":6},"end":{"line":26,"column":7}},"17":{"start":{"line":25,"column":8},"end":{"line":25,"column":92}},"18":{"start":{"line":30,"column":2},"end":{"line":30,"column":15}},"19":{"start":{"line":33,"column":30},"end":{"line":75,"column":1}},"20":{"start":{"line":34,"column":17},"end":{"line":34,"column":19}},"21":{"start":{"line":35,"column":2},"end":{"line":38,"column":3}},"22":{"start":{"line":36,"column":4},"end":{"line":36,"column":75}},"23":{"start":{"line":37,"column":4},"end":{"line":37,"column":17}},"24":{"start":{"line":40,"column":2},"end":{"line":42,"column":3}},"25":{"start":{"line":41,"column":4},"end":{"line":41,"column":65}},"26":{"start":{"line":43,"column":2},"end":{"line":45,"column":3}},"27":{"start":{"line":44,"column":4},"end":{"line":44,"column":69}},"28":{"start":{"line":46,"column":2},"end":{"line":48,"column":3}},"29":{"start":{"line":47,"column":4},"end":{"line":47,"column":73}},"30":{"start":{"line":49,"column":2},"end":{"line":51,"column":3}},"31":{"start":{"line":50,"column":4},"end":{"line":50,"column":82}},"32":{"start":{"line":52,"column":2},"end":{"line":63,"column":3}},"33":{"start":{"line":53,"column":4},"end":{"line":53,"column":74}},"34":{"start":{"line":55,"column":4},"end":{"line":57,"column":5}},"35":{"start":{"line":56,"column":6},"end":{"line":56,"column":84}},"36":{"start":{"line":58,"column":4},"end":{"line":62,"column":6}},"37":{"start":{"line":59,"column":6},"end":{"line":61,"column":7}},"38":{"start":{"line":60,"column":8},"end":{"line":60,"column":92}},"39":{"start":{"line":64,"column":2},"end":{"line":66,"column":3}},"40":{"start":{"line":65,"column":4},"end":{"line":65,"column":90}},"41":{"start":{"line":67,"column":2},"end":{"line":69,"column":3}},"42":{"start":{"line":68,"column":4},"end":{"line":68,"column":79}},"43":{"start":{"line":70,"column":2},"end":{"line":72,"column":3}},"44":{"start":{"line":71,"column":4},"end":{"line":71,"column":75}},"45":{"start":{"line":74,"column":2},"end":{"line":74,"column":15}},"46":{"start":{"line":77,"column":33},"end":{"line":117,"column":1}},"47":{"start":{"line":78,"column":17},"end":{"line":78,"column":19}},"48":{"start":{"line":79,"column":2},"end":{"line":82,"column":3}},"49":{"start":{"line":80,"column":4},"end":{"line":80,"column":90}},"50":{"start":{"line":81,"column":4},"end":{"line":81,"column":17}},"51":{"start":{"line":84,"column":21},"end":{"line":84,"column":63}},"52":{"start":{"line":85,"column":2},"end":{"line":88,"column":3}},"53":{"start":{"line":86,"column":4},"end":{"line":86,"column":107}},"54":{"start":{"line":87,"column":4},"end":{"line":87,"column":17}},"55":{"start":{"line":90,"column":21},"end":{"line":90,"column":65}},"56":{"start":{"line":90,"column":53},"end":{"line":90,"column":64}},"57":{"start":{"line":91,"column":2},"end":{"line":95,"column":4}},"58":{"start":{"line":92,"column":4},"end":{"line":94,"column":5}},"59":{"start":{"line":93,"column":6},"end":{"line":93,"column":98}},"60":{"start":{"line":97,"column":21},"end":{"line":99,"column":8}},"61":{"start":{"line":100,"column":2},"end":{"line":114,"column":3}},"62":{"start":{"line":101,"column":17},"end":{"line":101,"column":19}},"63":{"start":{"line":102,"column":4},"end":{"line":108,"column":6}},"64":{"start":{"line":103,"column":24},"end":{"line":103,"column":40}},"65":{"start":{"line":104,"column":6},"end":{"line":106,"column":7}},"66":{"start":{"line":105,"column":8},"end":{"line":105,"column":14}},"67":{"start":{"line":107,"column":6},"end":{"line":107,"column":50}},"68":{"start":{"line":109,"column":4},"end":{"line":113,"column":6}},"69":{"start":{"line":110,"column":6},"end":{"line":112,"column":7}},"70":{"start":{"line":111,"column":8},"end":{"line":111,"column":103}},"71":{"start":{"line":116,"column":2},"end":{"line":116,"column":15}},"72":{"start":{"line":119,"column":0},"end":{"line":125,"column":1}}},"fnMap":{"0":{"name":"(anonymous_0)","decl":{"start":{"line":1,"column":25},"end":{"line":1,"column":26}},"loc":{"start":{"line":1,"column":36},"end":{"line":1,"column":88}},"line":1},"1":{"name":"(anonymous_1)","decl":{"start":{"line":3,"column":22},"end":{"line":3,"column":23}},"loc":{"start":{"line":4,"column":2},"end":{"line":4,"column":70}},"line":4},"2":{"name":"(anonymous_2)","decl":{"start":{"line":6,"column":30},"end":{"line":6,"column":31}},"loc":{"start":{"line":6,"column":43},"end":{"line":31,"column":1}},"line":6},"3":{"name":"(anonymous_3)","decl":{"start":{"line":23,"column":28},"end":{"line":23,"column":29}},"loc":{"start":{"line":23,"column":47},"end":{"line":27,"column":5}},"line":23},"4":{"name":"(anonymous_4)","decl":{"start":{"line":33,"column":30},"end":{"line":33,"column":31}},"loc":{"start":{"line":33,"column":43},"end":{"line":75,"column":1}},"line":33},"5":{"name":"(anonymous_5)","decl":{"start":{"line":58,"column":28},"end":{"line":58,"column":29}},"loc":{"start":{"line":58,"column":47},"end":{"line":62,"column":5}},"line":58},"6":{"name":"(anonymous_6)","decl":{"start":{"line":77,"column":33},"end":{"line":77,"column":34}},"loc":{"start":{"line":77,"column":46},"end":{"line":117,"column":1}},"line":77},"7":{"name":"(anonymous_7)","decl":{"start":{"line":90,"column":41},"end":{"line":90,"column":42}},"loc":{"start":{"line":90,"column":53},"end":{"line":90,"column":64}},"line":90},"8":{"name":"(anonymous_8)","decl":{"start":{"line":91,"column":21},"end":{"line":91,"column":22}},"loc":{"start":{"line":91,"column":31},"end":{"line":95,"column":3}},"line":91},"9":{"name":"(anonymous_9)","decl":{"start":{"line":102,"column":23},"end":{"line":102,"column":24}},"loc":{"start":{"line":102,"column":33},"end":{"line":108,"column":5}},"line":102},"10":{"name":"(anonymous_10)","decl":{"start":{"line":109,"column":33},"end":{"line":109,"column":34}},"loc":{"start":{"line":109,"column":52},"end":{"line":113,"column":5}},"line":109}},"branchMap":{"0":{"loc":{"start":{"line":1,"column":36},"end":{"line":1,"column":88}},"type":"binary-expr","locations":[{"start":{"line":1,"column":36},"end":{"line":1,"column":61}},{"start":{"line":1,"column":65},"end":{"line":1,"column":88}}],"line":1},"1":{"loc":{"start":{"line":4,"column":2},"end":{"line":4,"column":70}},"type":"binary-expr","locations":[{"start":{"line":4,"column":2},"end":{"line":4,"column":27}},{"start":{"line":4,"column":31},"end":{"line":4,"column":45}},{"start":{"line":4,"column":49},"end":{"line":4,"column":70}}],"line":4},"2":{"loc":{"start":{"line":8,"column":2},"end":{"line":11,"column":3}},"type":"if","locations":[{"start":{"line":8,"column":2},"end":{"line":11,"column":3}},{"start":{},"end":{}}],"line":8},"3":{"loc":{"start":{"line":8,"column":6},"end":{"line":8,"column":45}},"type":"binary-expr","locations":[{"start":{"line":8,"column":6},"end":{"line":8,"column":14}},{"start":{"line":8,"column":18},"end":{"line":8,"column":45}}],"line":8},"4":{"loc":{"start":{"line":13,"column":2},"end":{"line":15,"column":3}},"type":"if","locations":[{"start":{"line":13,"column":2},"end":{"line":15,"column":3}},{"start":{},"end":{}}],"line":13},"5":{"loc":{"start":{"line":17,"column":2},"end":{"line":28,"column":3}},"type":"if","locations":[{"start":{"line":17,"column":2},"end":{"line":28,"column":3}},{"start":{"line":19,"column":9},"end":{"line":28,"column":3}}],"line":17},"6":{"loc":{"start":{"line":20,"column":4},"end":{"line":22,"column":5}},"type":"if","locations":[{"start":{"line":20,"column":4},"end":{"line":22,"column":5}},{"start":{},"end":{}}],"line":20},"7":{"loc":{"start":{"line":24,"column":6},"end":{"line":26,"column":7}},"type":"if","locations":[{"start":{"line":24,"column":6},"end":{"line":26,"column":7}},{"start":{},"end":{}}],"line":24},"8":{"loc":{"start":{"line":24,"column":10},"end":{"line":24,"column":51}},"type":"binary-expr","locations":[{"start":{"line":24,"column":10},"end":{"line":24,"column":17}},{"start":{"line":24,"column":21},"end":{"line":24,"column":51}}],"line":24},"9":{"loc":{"start":{"line":35,"column":2},"end":{"line":38,"column":3}},"type":"if","locations":[{"start":{"line":35,"column":2},"end":{"line":38,"column":3}},{"start":{},"end":{}}],"line":35},"10":{"loc":{"start":{"line":35,"column":6},"end":{"line":35,"column":45}},"type":"binary-expr","locations":[{"start":{"line":35,"column":6},"end":{"line":35,"column":14}},{"start":{"line":35,"column":18},"end":{"line":35,"column":45}}],"line":35},"11":{"loc":{"start":{"line":40,"column":2},"end":{"line":42,"column":3}},"type":"if","locations":[{"start":{"line":40,"column":2},"end":{"line":42,"column":3}},{"start":{},"end":{}}],"line":40},"12":{"loc":{"start":{"line":43,"column":2},"end":{"line":45,"column":3}},"type":"if","locations":[{"start":{"line":43,"column":2},"end":{"line":45,"column":3}},{"start":{},"end":{}}],"line":43},"13":{"loc":{"start":{"line":46,"column":2},"end":{"line":48,"column":3}},"type":"if","locations":[{"start":{"line":46,"column":2},"end":{"line":48,"column":3}},{"start":{},"end":{}}],"line":46},"14":{"loc":{"start":{"line":49,"column":2},"end":{"line":51,"column":3}},"type":"if","locations":[{"start":{"line":49,"column":2},"end":{"line":51,"column":3}},{"start":{},"end":{}}],"line":49},"15":{"loc":{"start":{"line":52,"column":2},"end":{"line":63,"column":3}},"type":"if","locations":[{"start":{"line":52,"column":2},"end":{"line":63,"column":3}},{"start":{"line":54,"column":9},"end":{"line":63,"column":3}}],"line":52},"16":{"loc":{"start":{"line":55,"column":4},"end":{"line":57,"column":5}},"type":"if","locations":[{"start":{"line":55,"column":4},"end":{"line":57,"column":5}},{"start":{},"end":{}}],"line":55},"17":{"loc":{"start":{"line":59,"column":6},"end":{"line":61,"column":7}},"type":"if","locations":[{"start":{"line":59,"column":6},"end":{"line":61,"column":7}},{"start":{},"end":{}}],"line":59},"18":{"loc":{"start":{"line":59,"column":10},"end":{"line":59,"column":51}},"type":"binary-expr","locations":[{"start":{"line":59,"column":10},"end":{"line":59,"column":17}},{"start":{"line":59,"column":21},"end":{"line":59,"column":51}}],"line":59},"19":{"loc":{"start":{"line":64,"column":2},"end":{"line":66,"column":3}},"type":"if","locations":[{"start":{"line":64,"column":2},"end":{"line":66,"column":3}},{"start":{},"end":{}}],"line":64},"20":{"loc":{"start":{"line":67,"column":2},"end":{"line":69,"column":3}},"type":"if","locations":[{"start":{"line":67,"column":2},"end":{"line":69,"column":3}},{"start":{},"end":{}}],"line":67},"21":{"loc":{"start":{"line":70,"column":2},"end":{"line":72,"column":3}},"type":"if","locations":[{"start":{"line":70,"column":2},"end":{"line":72,"column":3}},{"start":{},"end":{}}],"line":70},"22":{"loc":{"start":{"line":79,"column":2},"end":{"line":82,"column":3}},"type":"if","locations":[{"start":{"line":79,"column":2},"end":{"line":82,"column":3}},{"start":{},"end":{}}],"line":79},"23":{"loc":{"start":{"line":79,"column":6},"end":{"line":79,"column":45}},"type":"binary-expr","locations":[{"start":{"line":79,"column":6},"end":{"line":79,"column":14}},{"start":{"line":79,"column":18},"end":{"line":79,"column":45}}],"line":79},"24":{"loc":{"start":{"line":85,"column":2},"end":{"line":88,"column":3}},"type":"if","locations":[{"start":{"line":85,"column":2},"end":{"line":88,"column":3}},{"start":{},"end":{}}],"line":85},"25":{"loc":{"start":{"line":85,"column":6},"end":{"line":85,"column":80}},"type":"binary-expr","locations":[{"start":{"line":85,"column":6},"end":{"line":85,"column":17}},{"start":{"line":85,"column":21},"end":{"line":85,"column":51}},{"start":{"line":85,"column":55},"end":{"line":85,"column":80}}],"line":85},"26":{"loc":{"start":{"line":92,"column":4},"end":{"line":94,"column":5}},"type":"if","locations":[{"start":{"line":92,"column":4},"end":{"line":94,"column":5}},{"start":{},"end":{}}],"line":92},"27":{"loc":{"start":{"line":97,"column":21},"end":{"line":99,"column":8}},"type":"cond-expr","locations":[{"start":{"line":98,"column":6},"end":{"line":98,"column":38}},{"start":{"line":99,"column":6},"end":{"line":99,"column":8}}],"line":97},"28":{"loc":{"start":{"line":100,"column":2},"end":{"line":114,"column":3}},"type":"if","locations":[{"start":{"line":100,"column":2},"end":{"line":114,"column":3}},{"start":{},"end":{}}],"line":100},"29":{"loc":{"start":{"line":104,"column":6},"end":{"line":106,"column":7}},"type":"if","locations":[{"start":{"line":104,"column":6},"end":{"line":106,"column":7}},{"start":{},"end":{}}],"line":104},"30":{"loc":{"start":{"line":104,"column":10},"end":{"line":104,"column":55}},"type":"binary-expr","locations":[{"start":{"line":104,"column":10},"end":{"line":104,"column":20}},{"start":{"line":104,"column":24},"end":{"line":104,"column":55}}],"line":104},"31":{"loc":{"start":{"line":107,"column":25},"end":{"line":107,"column":45}},"type":"binary-expr","locations":[{"start":{"line":107,"column":25},"end":{"line":107,"column":40}},{"start":{"line":107,"column":44},"end":{"line":107,"column":45}}],"line":107},"32":{"loc":{"start":{"line":110,"column":6},"end":{"line":112,"column":7}},"type":"if","locations":[{"start":{"line":110,"column":6},"end":{"line":112,"column":7}},{"start":{},"end":{}}],"line":110}},"s":{"0":1,"1":46,"2":1,"3":24,"4":1,"5":7,"6":7,"7":1,"8":1,"9":6,"10":1,"11":6,"12":1,"13":5,"14":1,"15":5,"16":4,"17":1,"18":6,"19":1,"20":9,"21":9,"22":0,"23":0,"24":9,"25":1,"26":9,"27":1,"28":9,"29":1,"30":9,"31":1,"32":9,"33":1,"34":8,"35":0,"36":8,"37":9,"38":0,"39":9,"40":1,"41":9,"42":1,"43":9,"44":1,"45":9,"46":1,"47":4,"48":4,"49":0,"50":0,"51":4,"52":4,"53":1,"54":1,"55":3,"56":4,"57":3,"58":4,"59":0,"60":3,"61":3,"62":1,"63":1,"64":2,"65":2,"66":0,"67":2,"68":1,"69":1,"70":1,"71":3,"72":1},"f":{"0":46,"1":24,"2":7,"3":4,"4":9,"5":9,"6":4,"7":4,"8":4,"9":2,"10":1},"b":{"0":[46,44],"1":[24,16,16],"2":[1,6],"3":[7,6],"4":[1,5],"5":[1,5],"6":[1,4],"7":[1,3],"8":[4,4],"9":[0,9],"10":[9,9],"11":[1,8],"12":[1,8],"13":[1,8],"14":[1,8],"15":[1,8],"16":[0,8],"17":[0,9],"18":[9,9],"19":[1,8],"20":[1,8],"21":[1,8],"22":[0,4],"23":[4,4],"24":[1,3],"25":[4,3,3],"26":[0,4],"27":[1,2],"28":[1,2],"29":[0,2],"30":[2,2],"31":[2,1],"32":[1,0]},"_coverageSchema":"1a1c01bbd47fc00a2c39e90264f33305004495a9","hash":"4b731265ff55fbc232d28cd16cde8e5995a304a7"}
}
