TN:
SF:services/gameService.js
FN:9,(anonymous_0)
FN:18,(anonymous_1)
FN:26,(anonymous_2)
FN:37,(anonymous_3)
FN:49,(anonymous_4)
FN:71,(anonymous_5)
FN:114,(anonymous_6)
FN:129,(anonymous_7)
FN:137,(anonymous_8)
FNF:9
FNH:8
FNDA:13,(anonymous_0)
FNDA:5,(anonymous_1)
FNDA:5,(anonymous_2)
FNDA:5,(anonymous_3)
FNDA:3,(anonymous_4)
FNDA:8,(anonymous_5)
FNDA:4,(anonymous_6)
FNDA:0,(anonymous_7)
FNDA:2,(anonymous_8)
DA:1,1
DA:7,1
DA:9,1
DA:10,13
DA:11,13
DA:12,13
DA:13,5
DA:15,13
DA:18,1
DA:19,5
DA:20,1
DA:22,4
DA:23,4
DA:26,1
DA:27,5
DA:28,0
DA:30,5
DA:31,5
DA:37,1
DA:38,5
DA:39,5
DA:40,2
DA:43,3
DA:44,3
DA:49,3
DA:58,3
DA:59,3
DA:60,6
DA:61,6
DA:62,6
DA:63,2
DA:65,4
DA:68,1
DA:71,1
DA:72,8
DA:73,8
DA:74,0
DA:77,8
DA:78,1
DA:81,7
DA:82,7
DA:83,1
DA:85,6
DA:86,1
DA:88,5
DA:89,1
DA:92,4
DA:93,4
DA:94,4
DA:95,2
DA:99,2
DA:100,2
DA:101,2
DA:107,2
DA:108,1
DA:111,1
DA:114,1
DA:115,4
DA:116,4
DA:117,1
DA:119,3
DA:120,1
DA:123,2
DA:124,2
DA:125,1
DA:129,1
DA:130,0
DA:131,0
DA:132,0
DA:134,0
DA:137,1
DA:138,2
DA:139,2
DA:142,1
LF:74
LH:68
BRDA:12,0,0,5
BRDA:12,0,1,8
BRDA:18,1,0,0
BRDA:19,2,0,1
BRDA:19,2,1,4
BRDA:19,3,0,5
BRDA:19,3,1,5
BRDA:19,3,2,4
BRDA:27,4,0,0
BRDA:27,4,1,5
BRDA:37,5,0,4
BRDA:37,6,0,3
BRDA:39,7,0,2
BRDA:39,7,1,3
BRDA:53,8,0,0
BRDA:53,8,1,3
BRDA:54,9,0,0
BRDA:54,9,1,3
BRDA:62,10,0,2
BRDA:62,10,1,4
BRDA:71,11,0,7
BRDA:73,12,0,0
BRDA:73,12,1,8
BRDA:77,13,0,1
BRDA:77,13,1,7
BRDA:82,14,0,1
BRDA:82,14,1,6
BRDA:85,15,0,1
BRDA:85,15,1,5
BRDA:88,16,0,1
BRDA:88,16,1,4
BRDA:92,17,0,4
BRDA:92,17,1,0
BRDA:94,18,0,2
BRDA:94,18,1,2
BRDA:107,19,0,1
BRDA:107,19,1,1
BRDA:116,20,0,1
BRDA:116,20,1,3
BRDA:119,21,0,1
BRDA:119,21,1,2
BRDA:124,22,0,1
BRDA:124,22,1,1
BRDA:131,23,0,0
BRDA:131,23,1,0
BRF:45
BRH:37
end_of_record
TN:
SF:services/gameValidation.js
FN:1,(anonymous_0)
FN:3,(anonymous_1)
FN:6,(anonymous_2)
FN:23,(anonymous_3)
FN:33,(anonymous_4)
FN:58,(anonymous_5)
FN:77,(anonymous_6)
FN:90,(anonymous_7)
FN:91,(anonymous_8)
FN:102,(anonymous_9)
FN:109,(anonymous_10)
FNF:11
FNH:11
FNDA:46,(anonymous_0)
FNDA:24,(anonymous_1)
FNDA:7,(anonymous_2)
FNDA:4,(anonymous_3)
FNDA:9,(anonymous_4)
FNDA:9,(anonymous_5)
FNDA:4,(anonymous_6)
FNDA:4,(anonymous_7)
FNDA:4,(anonymous_8)
FNDA:2,(anonymous_9)
FNDA:1,(anonymous_10)
DA:1,46
DA:3,1
DA:4,24
DA:6,1
DA:7,7
DA:8,7
DA:9,1
DA:10,1
DA:13,6
DA:14,1
DA:17,6
DA:18,1
DA:20,5
DA:21,1
DA:23,5
DA:24,4
DA:25,1
DA:30,6
DA:33,1
DA:34,9
DA:35,9
DA:36,0
DA:37,0
DA:40,9
DA:41,1
DA:43,9
DA:44,1
DA:46,9
DA:47,1
DA:49,9
DA:50,1
DA:52,9
DA:53,1
DA:55,8
DA:56,0
DA:58,8
DA:59,9
DA:60,0
DA:64,9
DA:65,1
DA:67,9
DA:68,1
DA:70,9
DA:71,1
DA:74,9
DA:77,1
DA:78,4
DA:79,4
DA:80,0
DA:81,0
DA:84,4
DA:85,4
DA:86,1
DA:87,1
DA:90,4
DA:91,3
DA:92,4
DA:93,0
DA:97,3
DA:100,3
DA:101,1
DA:102,1
DA:103,2
DA:104,2
DA:105,0
DA:107,2
DA:109,1
DA:110,1
DA:111,1
DA:116,3
DA:119,1
LF:71
LH:63
BRDA:1,0,0,46
BRDA:1,0,1,44
BRDA:4,1,0,24
BRDA:4,1,1,16
BRDA:4,1,2,16
BRDA:8,2,0,1
BRDA:8,2,1,6
BRDA:8,3,0,7
BRDA:8,3,1,6
BRDA:13,4,0,1
BRDA:13,4,1,5
BRDA:17,5,0,1
BRDA:17,5,1,5
BRDA:20,6,0,1
BRDA:20,6,1,4
BRDA:24,7,0,1
BRDA:24,7,1,3
BRDA:24,8,0,4
BRDA:24,8,1,4
BRDA:35,9,0,0
BRDA:35,9,1,9
BRDA:35,10,0,9
BRDA:35,10,1,9
BRDA:40,11,0,1
BRDA:40,11,1,8
BRDA:43,12,0,1
BRDA:43,12,1,8
BRDA:46,13,0,1
BRDA:46,13,1,8
BRDA:49,14,0,1
BRDA:49,14,1,8
BRDA:52,15,0,1
BRDA:52,15,1,8
BRDA:55,16,0,0
BRDA:55,16,1,8
BRDA:59,17,0,0
BRDA:59,17,1,9
BRDA:59,18,0,9
BRDA:59,18,1,9
BRDA:64,19,0,1
BRDA:64,19,1,8
BRDA:67,20,0,1
BRDA:67,20,1,8
BRDA:70,21,0,1
BRDA:70,21,1,8
BRDA:79,22,0,0
BRDA:79,22,1,4
BRDA:79,23,0,4
BRDA:79,23,1,4
BRDA:85,24,0,1
BRDA:85,24,1,3
BRDA:85,25,0,4
BRDA:85,25,1,3
BRDA:85,25,2,3
BRDA:92,26,0,0
BRDA:92,26,1,4
BRDA:97,27,0,1
BRDA:97,27,1,2
BRDA:100,28,0,1
BRDA:100,28,1,2
BRDA:104,29,0,0
BRDA:104,29,1,2
BRDA:104,30,0,2
BRDA:104,30,1,2
BRDA:107,31,0,2
BRDA:107,31,1,1
BRDA:110,32,0,1
BRDA:110,32,1,0
BRF:68
BRH:61
end_of_record
