{"/home/tgriffin/project/src/ui/src/components/games/AvatarRow.jsx": {"path":"/home/tgriffin/project/src/ui/src/components/games/AvatarRow.jsx","all":false,"statementMap":{"0":{"start":{"line":1,"column":0},"end":{"line":1,"column":52}},"1":{"start":{"line":2,"column":0},"end":{"line":2,"column":46}},"2":{"start":{"line":3,"column":0},"end":{"line":3,"column":50}},"4":{"start":{"line":5,"column":0},"end":{"line":5,"column":10}},"5":{"start":{"line":6,"column":0},"end":{"line":6,"column":73}},"6":{"start":{"line":7,"column":0},"end":{"line":7,"column":39}},"7":{"start":{"line":8,"column":0},"end":{"line":8,"column":76}},"8":{"start":{"line":9,"column":0},"end":{"line":9,"column":63}},"9":{"start":{"line":10,"column":0},"end":{"line":10,"column":15}},"10":{"start":{"line":11,"column":0},"end":{"line":11,"column":9}},"11":{"start":{"line":12,"column":0},"end":{"line":12,"column":23}},"12":{"start":{"line":13,"column":0},"end":{"line":13,"column":68}},"13":{"start":{"line":14,"column":0},"end":{"line":14,"column":21}},"14":{"start":{"line":15,"column":0},"end":{"line":15,"column":15}},"15":{"start":{"line":16,"column":0},"end":{"line":16,"column":15}},"16":{"start":{"line":17,"column":0},"end":{"line":17,"column":10}},"18":{"start":{"line":19,"column":0},"end":{"line":19,"column":1}},"20":{"start":{"line":21,"column":0},"end":{"line":21,"column":24}}},"s":{"0":1,"1":4,"2":4,"4":4,"5":4,"6":4,"7":7,"8":7,"9":7,"10":4,"11":4,"12":0,"13":0,"14":0,"15":4,"16":4,"18":4,"20":1},"branchMap":{"0":{"type":"branch","line":1,"loc":{"start":{"line":1,"column":18},"end":{"line":19,"column":1}},"locations":[{"start":{"line":1,"column":18},"end":{"line":19,"column":1}}]},"1":{"type":"branch","line":12,"loc":{"start":{"line":12,"column":18},"end":{"line":15,"column":15}},"locations":[{"start":{"line":12,"column":18},"end":{"line":15,"column":15}}]},"2":{"type":"branch","line":7,"loc":{"start":{"line":7,"column":19},"end":{"line":10,"column":15}},"locations":[{"start":{"line":7,"column":19},"end":{"line":10,"column":15}}]},"3":{"type":"branch","line":9,"loc":{"start":{"line":9,"column":29},"end":{"line":9,"column":49}},"locations":[{"start":{"line":9,"column":29},"end":{"line":9,"column":49}}]}},"b":{"0":[4],"1":[0],"2":[7],"3":[0]},"fnMap":{"0":{"name":"AvatarRow","decl":{"start":{"line":1,"column":18},"end":{"line":19,"column":1}},"loc":{"start":{"line":1,"column":18},"end":{"line":19,"column":1}},"line":1}},"f":{"0":4}}
,"/home/tgriffin/project/src/ui/src/components/games/GameCard.jsx": {"path":"/home/tgriffin/project/src/ui/src/components/games/GameCard.jsx","all":false,"statementMap":{"0":{"start":{"line":1,"column":0},"end":{"line":1,"column":67}},"1":{"start":{"line":2,"column":0},"end":{"line":2,"column":35}},"2":{"start":{"line":3,"column":0},"end":{"line":3,"column":47}},"3":{"start":{"line":4,"column":0},"end":{"line":4,"column":37}},"5":{"start":{"line":6,"column":0},"end":{"line":6,"column":19}},"6":{"start":{"line":7,"column":0},"end":{"line":7,"column":7}},"7":{"start":{"line":8,"column":0},"end":{"line":8,"column":6}},"8":{"start":{"line":9,"column":0},"end":{"line":9,"column":12}},"9":{"start":{"line":10,"column":0},"end":{"line":10,"column":11}},"10":{"start":{"line":11,"column":0},"end":{"line":11,"column":16}},"11":{"start":{"line":12,"column":0},"end":{"line":12,"column":11}},"12":{"start":{"line":13,"column":0},"end":{"line":13,"column":14}},"13":{"start":{"line":14,"column":0},"end":{"line":14,"column":14}},"14":{"start":{"line":15,"column":0},"end":{"line":15,"column":8}},"15":{"start":{"line":16,"column":0},"end":{"line":16,"column":13}},"16":{"start":{"line":17,"column":0},"end":{"line":17,"column":7}},"17":{"start":{"line":18,"column":0},"end":{"line":18,"column":6}},"18":{"start":{"line":19,"column":0},"end":{"line":19,"column":25}},"19":{"start":{"line":20,"column":0},"end":{"line":20,"column":37}},"20":{"start":{"line":21,"column":0},"end":{"line":21,"column":40}},"21":{"start":{"line":22,"column":0},"end":{"line":22,"column":28}},"22":{"start":{"line":23,"column":0},"end":{"line":23,"column":26}},"23":{"start":{"line":24,"column":0},"end":{"line":24,"column":30}},"25":{"start":{"line":26,"column":0},"end":{"line":26,"column":38}},"26":{"start":{"line":27,"column":0},"end":{"line":27,"column":26}},"27":{"start":{"line":28,"column":0},"end":{"line":28,"column":41}},"28":{"start":{"line":29,"column":0},"end":{"line":29,"column":10}},"29":{"start":{"line":30,"column":0},"end":{"line":30,"column":36}},"30":{"start":{"line":31,"column":0},"end":{"line":31,"column":48}},"31":{"start":{"line":32,"column":0},"end":{"line":32,"column":62}},"32":{"start":{"line":33,"column":0},"end":{"line":33,"column":10}},"33":{"start":{"line":34,"column":0},"end":{"line":34,"column":40}},"34":{"start":{"line":35,"column":0},"end":{"line":35,"column":20}},"35":{"start":{"line":36,"column":0},"end":{"line":36,"column":17}},"36":{"start":{"line":37,"column":0},"end":{"line":37,"column":27}},"37":{"start":{"line":38,"column":0},"end":{"line":38,"column":25}},"38":{"start":{"line":39,"column":0},"end":{"line":39,"column":35}},"39":{"start":{"line":40,"column":0},"end":{"line":40,"column":25}},"40":{"start":{"line":41,"column":0},"end":{"line":41,"column":6}},"41":{"start":{"line":42,"column":0},"end":{"line":42,"column":20}},"42":{"start":{"line":43,"column":0},"end":{"line":43,"column":47}},"43":{"start":{"line":44,"column":0},"end":{"line":44,"column":21}},"44":{"start":{"line":45,"column":0},"end":{"line":45,"column":10}},"45":{"start":{"line":46,"column":0},"end":{"line":46,"column":13}},"46":{"start":{"line":47,"column":0},"end":{"line":47,"column":20}},"47":{"start":{"line":48,"column":0},"end":{"line":48,"column":47}},"48":{"start":{"line":49,"column":0},"end":{"line":49,"column":21}},"49":{"start":{"line":50,"column":0},"end":{"line":50,"column":10}},"50":{"start":{"line":51,"column":0},"end":{"line":51,"column":13}},"51":{"start":{"line":52,"column":0},"end":{"line":52,"column":8}},"54":{"start":{"line":55,"column":0},"end":{"line":55,"column":23}}},"s":{"0":1,"1":1,"2":1,"3":1,"5":1,"6":4,"7":4,"8":4,"9":4,"10":4,"11":4,"12":4,"13":4,"14":4,"15":4,"16":4,"17":4,"18":4,"19":4,"20":4,"21":4,"22":4,"23":4,"25":4,"26":4,"27":4,"28":4,"29":4,"30":4,"31":4,"32":4,"33":4,"34":4,"35":4,"36":4,"37":4,"38":4,"39":4,"40":4,"41":4,"42":1,"43":1,"44":1,"45":3,"46":4,"47":1,"48":1,"49":1,"50":3,"51":4,"54":1},"branchMap":{"0":{"type":"branch","line":6,"loc":{"start":{"line":6,"column":17},"end":{"line":52,"column":8}},"locations":[{"start":{"line":6,"column":17},"end":{"line":52,"column":8}}]},"1":{"type":"branch","line":20,"loc":{"start":{"line":20,"column":14},"end":{"line":20,"column":27}},"locations":[{"start":{"line":20,"column":14},"end":{"line":20,"column":27}}]},"2":{"type":"branch","line":21,"loc":{"start":{"line":21,"column":9},"end":{"line":21,"column":30}},"locations":[{"start":{"line":21,"column":9},"end":{"line":21,"column":30}}]},"3":{"type":"branch","line":42,"loc":{"start":{"line":42,"column":5},"end":{"line":45,"column":10}},"locations":[{"start":{"line":42,"column":5},"end":{"line":45,"column":10}}]},"4":{"type":"branch","line":45,"loc":{"start":{"line":45,"column":6},"end":{"line":46,"column":13}},"locations":[{"start":{"line":45,"column":6},"end":{"line":46,"column":13}}]},"5":{"type":"branch","line":47,"loc":{"start":{"line":47,"column":5},"end":{"line":50,"column":10}},"locations":[{"start":{"line":47,"column":5},"end":{"line":50,"column":10}}]},"6":{"type":"branch","line":50,"loc":{"start":{"line":50,"column":6},"end":{"line":51,"column":13}},"locations":[{"start":{"line":50,"column":6},"end":{"line":51,"column":13}}]}},"b":{"0":[4],"1":[0],"2":[0],"3":[1],"4":[3],"5":[1],"6":[3]},"fnMap":{"0":{"name":"GameCard","decl":{"start":{"line":6,"column":17},"end":{"line":52,"column":8}},"loc":{"start":{"line":6,"column":17},"end":{"line":52,"column":8}},"line":6}},"f":{"0":4}}
,"/home/tgriffin/project/src/ui/src/components/games/GameCardActions.jsx": {"path":"/home/tgriffin/project/src/ui/src/components/games/GameCardActions.jsx","all":false,"statementMap":{"0":{"start":{"line":1,"column":0},"end":{"line":1,"column":47}},"1":{"start":{"line":2,"column":0},"end":{"line":2,"column":51}},"2":{"start":{"line":3,"column":0},"end":{"line":3,"column":37}},"4":{"start":{"line":5,"column":0},"end":{"line":5,"column":26}},"5":{"start":{"line":6,"column":0},"end":{"line":6,"column":7}},"6":{"start":{"line":7,"column":0},"end":{"line":7,"column":12}},"7":{"start":{"line":8,"column":0},"end":{"line":8,"column":11}},"8":{"start":{"line":9,"column":0},"end":{"line":9,"column":16}},"9":{"start":{"line":10,"column":0},"end":{"line":10,"column":11}},"10":{"start":{"line":11,"column":0},"end":{"line":11,"column":7}},"11":{"start":{"line":12,"column":0},"end":{"line":12,"column":37}},"12":{"start":{"line":13,"column":0},"end":{"line":13,"column":18}},"13":{"start":{"line":14,"column":0},"end":{"line":14,"column":90}},"14":{"start":{"line":15,"column":0},"end":{"line":15,"column":54}},"15":{"start":{"line":16,"column":0},"end":{"line":16,"column":95}},"17":{"start":{"line":18,"column":0},"end":{"line":18,"column":63}},"18":{"start":{"line":19,"column":0},"end":{"line":19,"column":20}},"19":{"start":{"line":20,"column":0},"end":{"line":20,"column":20}},"20":{"start":{"line":21,"column":0},"end":{"line":21,"column":36}},"21":{"start":{"line":22,"column":0},"end":{"line":22,"column":40}},"22":{"start":{"line":23,"column":0},"end":{"line":23,"column":26}},"23":{"start":{"line":24,"column":0},"end":{"line":24,"column":39}},"25":{"start":{"line":26,"column":0},"end":{"line":26,"column":35}},"26":{"start":{"line":27,"column":0},"end":{"line":27,"column":22}},"27":{"start":{"line":28,"column":0},"end":{"line":28,"column":8}},"30":{"start":{"line":31,"column":0},"end":{"line":31,"column":30}}},"s":{"0":1,"1":1,"2":1,"4":1,"5":4,"6":4,"7":4,"8":4,"9":4,"10":4,"11":4,"12":4,"13":4,"14":4,"15":4,"17":4,"18":4,"19":4,"20":4,"21":4,"22":4,"23":4,"25":4,"26":4,"27":4,"30":1},"branchMap":{"0":{"type":"branch","line":5,"loc":{"start":{"line":5,"column":24},"end":{"line":28,"column":8}},"locations":[{"start":{"line":5,"column":24},"end":{"line":28,"column":8}}]},"1":{"type":"branch","line":16,"loc":{"start":{"line":16,"column":36},"end":{"line":16,"column":74}},"locations":[{"start":{"line":16,"column":36},"end":{"line":16,"column":74}}]},"2":{"type":"branch","line":16,"loc":{"start":{"line":16,"column":50},"end":{"line":16,"column":95}},"locations":[{"start":{"line":16,"column":50},"end":{"line":16,"column":95}}]},"3":{"type":"branch","line":18,"loc":{"start":{"line":18,"column":23},"end":{"line":18,"column":54}},"locations":[{"start":{"line":18,"column":23},"end":{"line":18,"column":54}}]},"4":{"type":"branch","line":18,"loc":{"start":{"line":18,"column":37},"end":{"line":18,"column":63}},"locations":[{"start":{"line":18,"column":37},"end":{"line":18,"column":63}}]},"5":{"type":"branch","line":14,"loc":{"start":{"line":14,"column":15},"end":{"line":14,"column":90}},"locations":[{"start":{"line":14,"column":15},"end":{"line":14,"column":90}}]},"6":{"type":"branch","line":14,"loc":{"start":{"line":14,"column":38},"end":{"line":14,"column":74}},"locations":[{"start":{"line":14,"column":38},"end":{"line":14,"column":74}}]},"7":{"type":"branch","line":14,"loc":{"start":{"line":14,"column":70},"end":{"line":14,"column":90}},"locations":[{"start":{"line":14,"column":70},"end":{"line":14,"column":90}}]}},"b":{"0":[4],"1":[1],"2":[3],"3":[1],"4":[3],"5":[2],"6":[1],"7":[1]},"fnMap":{"0":{"name":"GameCardActions","decl":{"start":{"line":5,"column":24},"end":{"line":28,"column":8}},"loc":{"start":{"line":5,"column":24},"end":{"line":28,"column":8}},"line":5},"1":{"name":"onClick","decl":{"start":{"line":14,"column":15},"end":{"line":14,"column":90}},"loc":{"start":{"line":14,"column":15},"end":{"line":14,"column":90}},"line":14},"2":{"name":"onClick","decl":{"start":{"line":21,"column":15},"end":{"line":21,"column":36}},"loc":{"start":{"line":21,"column":15},"end":{"line":21,"column":36}},"line":21}},"f":{"0":4,"1":2,"2":0}}
,"/home/tgriffin/project/src/ui/src/components/games/GameCountBadge.jsx": {"path":"/home/tgriffin/project/src/ui/src/components/games/GameCountBadge.jsx","all":false,"statementMap":{"0":{"start":{"line":1,"column":0},"end":{"line":1,"column":50}},"1":{"start":{"line":2,"column":0},"end":{"line":2,"column":7}},"2":{"start":{"line":3,"column":0},"end":{"line":3,"column":26}},"3":{"start":{"line":4,"column":0},"end":{"line":4,"column":63}},"5":{"start":{"line":6,"column":0},"end":{"line":6,"column":31}},"6":{"start":{"line":7,"column":0},"end":{"line":7,"column":9}},"9":{"start":{"line":10,"column":0},"end":{"line":10,"column":29}}},"s":{"0":1,"1":3,"2":3,"3":3,"5":3,"6":3,"9":1},"branchMap":{"0":{"type":"branch","line":1,"loc":{"start":{"line":1,"column":23},"end":{"line":7,"column":9}},"locations":[{"start":{"line":1,"column":23},"end":{"line":7,"column":9}}]},"1":{"type":"branch","line":4,"loc":{"start":{"line":4,"column":16},"end":{"line":4,"column":46}},"locations":[{"start":{"line":4,"column":16},"end":{"line":4,"column":46}}]},"2":{"type":"branch","line":4,"loc":{"start":{"line":4,"column":28},"end":{"line":4,"column":63}},"locations":[{"start":{"line":4,"column":28},"end":{"line":4,"column":63}}]},"3":{"type":"branch","line":6,"loc":{"start":{"line":6,"column":5},"end":{"line":6,"column":25}},"locations":[{"start":{"line":6,"column":5},"end":{"line":6,"column":25}}]},"4":{"type":"branch","line":6,"loc":{"start":{"line":6,"column":17},"end":{"line":6,"column":31}},"locations":[{"start":{"line":6,"column":17},"end":{"line":6,"column":31}}]}},"b":{"0":[3],"1":[1],"2":[2],"3":[1],"4":[2]},"fnMap":{"0":{"name":"GameCountBadge","decl":{"start":{"line":1,"column":23},"end":{"line":7,"column":9}},"loc":{"start":{"line":1,"column":23},"end":{"line":7,"column":9}},"line":1}},"f":{"0":3}}
,"/home/tgriffin/project/src/ui/src/components/games/GameErrorState.jsx": {"path":"/home/tgriffin/project/src/ui/src/components/games/GameErrorState.jsx","all":false,"statementMap":{"0":{"start":{"line":1,"column":0},"end":{"line":1,"column":47}},"2":{"start":{"line":3,"column":0},"end":{"line":3,"column":50}},"3":{"start":{"line":4,"column":0},"end":{"line":4,"column":43}},"4":{"start":{"line":5,"column":0},"end":{"line":5,"column":20}},"5":{"start":{"line":6,"column":0},"end":{"line":6,"column":58}},"6":{"start":{"line":7,"column":0},"end":{"line":7,"column":8}},"9":{"start":{"line":10,"column":0},"end":{"line":10,"column":29}}},"s":{"0":1,"2":1,"3":1,"4":1,"5":1,"6":1,"9":1},"branchMap":{"0":{"type":"branch","line":3,"loc":{"start":{"line":3,"column":23},"end":{"line":7,"column":8}},"locations":[{"start":{"line":3,"column":23},"end":{"line":7,"column":8}}]}},"b":{"0":[1]},"fnMap":{"0":{"name":"GameErrorState","decl":{"start":{"line":3,"column":23},"end":{"line":7,"column":8}},"loc":{"start":{"line":3,"column":23},"end":{"line":7,"column":8}},"line":3}},"f":{"0":1}}
,"/home/tgriffin/project/src/ui/src/components/games/GameGrid.jsx": {"path":"/home/tgriffin/project/src/ui/src/components/games/GameGrid.jsx","all":false,"statementMap":{"0":{"start":{"line":1,"column":0},"end":{"line":1,"column":33}},"1":{"start":{"line":2,"column":0},"end":{"line":2,"column":49}},"3":{"start":{"line":4,"column":0},"end":{"line":4,"column":19}},"4":{"start":{"line":5,"column":0},"end":{"line":5,"column":8}},"5":{"start":{"line":6,"column":0},"end":{"line":6,"column":12}},"6":{"start":{"line":7,"column":0},"end":{"line":7,"column":6}},"7":{"start":{"line":8,"column":0},"end":{"line":8,"column":11}},"8":{"start":{"line":9,"column":0},"end":{"line":9,"column":16}},"9":{"start":{"line":10,"column":0},"end":{"line":10,"column":11}},"10":{"start":{"line":11,"column":0},"end":{"line":11,"column":15}},"11":{"start":{"line":12,"column":0},"end":{"line":12,"column":15}},"12":{"start":{"line":13,"column":0},"end":{"line":13,"column":12}},"13":{"start":{"line":14,"column":0},"end":{"line":14,"column":17}},"14":{"start":{"line":15,"column":0},"end":{"line":15,"column":7}},"15":{"start":{"line":16,"column":0},"end":{"line":16,"column":54}},"16":{"start":{"line":17,"column":0},"end":{"line":17,"column":14}},"17":{"start":{"line":18,"column":0},"end":{"line":18,"column":53}},"18":{"start":{"line":19,"column":0},"end":{"line":19,"column":40}},"19":{"start":{"line":20,"column":0},"end":{"line":20,"column":32}},"20":{"start":{"line":21,"column":0},"end":{"line":21,"column":15}},"21":{"start":{"line":22,"column":0},"end":{"line":22,"column":10}},"22":{"start":{"line":23,"column":0},"end":{"line":23,"column":29}},"23":{"start":{"line":24,"column":0},"end":{"line":24,"column":28}},"24":{"start":{"line":25,"column":0},"end":{"line":25,"column":21}},"25":{"start":{"line":26,"column":0},"end":{"line":26,"column":25}},"26":{"start":{"line":27,"column":0},"end":{"line":27,"column":23}},"27":{"start":{"line":28,"column":0},"end":{"line":28,"column":35}},"28":{"start":{"line":29,"column":0},"end":{"line":29,"column":33}},"29":{"start":{"line":30,"column":0},"end":{"line":30,"column":43}},"30":{"start":{"line":31,"column":0},"end":{"line":31,"column":33}},"31":{"start":{"line":32,"column":0},"end":{"line":32,"column":49}},"32":{"start":{"line":33,"column":0},"end":{"line":33,"column":49}},"33":{"start":{"line":34,"column":0},"end":{"line":34,"column":43}},"34":{"start":{"line":35,"column":0},"end":{"line":35,"column":41}},"35":{"start":{"line":36,"column":0},"end":{"line":36,"column":14}},"36":{"start":{"line":37,"column":0},"end":{"line":37,"column":15}},"37":{"start":{"line":38,"column":0},"end":{"line":38,"column":11}},"38":{"start":{"line":39,"column":0},"end":{"line":39,"column":7}},"41":{"start":{"line":42,"column":0},"end":{"line":42,"column":23}}},"s":{"0":1,"1":1,"3":1,"4":2,"5":2,"6":2,"7":2,"8":2,"9":2,"10":2,"11":2,"12":2,"13":2,"14":2,"15":2,"16":2,"17":1,"18":4,"19":4,"20":4,"21":1,"22":1,"23":1,"24":1,"25":1,"26":1,"27":1,"28":1,"29":1,"30":1,"31":1,"32":1,"33":1,"34":1,"35":1,"36":1,"37":1,"38":2,"41":1},"branchMap":{"0":{"type":"branch","line":4,"loc":{"start":{"line":4,"column":17},"end":{"line":39,"column":7}},"locations":[{"start":{"line":4,"column":17},"end":{"line":39,"column":7}}]},"1":{"type":"branch","line":17,"loc":{"start":{"line":17,"column":5},"end":{"line":22,"column":10}},"locations":[{"start":{"line":17,"column":5},"end":{"line":22,"column":10}}]},"2":{"type":"branch","line":22,"loc":{"start":{"line":22,"column":9},"end":{"line":38,"column":11}},"locations":[{"start":{"line":22,"column":9},"end":{"line":38,"column":11}}]},"3":{"type":"branch","line":18,"loc":{"start":{"line":18,"column":38},"end":{"line":21,"column":15}},"locations":[{"start":{"line":18,"column":38},"end":{"line":21,"column":15}}]},"4":{"type":"branch","line":23,"loc":{"start":{"line":23,"column":18},"end":{"line":37,"column":15}},"locations":[{"start":{"line":23,"column":18},"end":{"line":37,"column":15}}]}},"b":{"0":[2],"1":[1],"2":[1],"3":[4],"4":[1]},"fnMap":{"0":{"name":"GameGrid","decl":{"start":{"line":4,"column":17},"end":{"line":39,"column":7}},"loc":{"start":{"line":4,"column":17},"end":{"line":39,"column":7}},"line":4}},"f":{"0":2}}
,"/home/tgriffin/project/src/ui/src/components/games/GameSkeletonCard.jsx": {"path":"/home/tgriffin/project/src/ui/src/components/games/GameSkeletonCard.jsx","all":false,"statementMap":{"0":{"start":{"line":1,"column":0},"end":{"line":1,"column":32}},"1":{"start":{"line":2,"column":0},"end":{"line":2,"column":38}},"2":{"start":{"line":3,"column":0},"end":{"line":3,"column":43}},"3":{"start":{"line":4,"column":0},"end":{"line":4,"column":37}},"4":{"start":{"line":5,"column":0},"end":{"line":5,"column":37}},"5":{"start":{"line":6,"column":0},"end":{"line":6,"column":8}},"8":{"start":{"line":9,"column":0},"end":{"line":9,"column":31}}},"s":{"0":1,"1":4,"2":4,"3":4,"4":4,"5":4,"8":1},"branchMap":{"0":{"type":"branch","line":1,"loc":{"start":{"line":1,"column":25},"end":{"line":6,"column":8}},"locations":[{"start":{"line":1,"column":25},"end":{"line":6,"column":8}}]}},"b":{"0":[4]},"fnMap":{"0":{"name":"GameSkeletonCard","decl":{"start":{"line":1,"column":25},"end":{"line":6,"column":8}},"loc":{"start":{"line":1,"column":25},"end":{"line":6,"column":8}},"line":1}},"f":{"0":4}}
,"/home/tgriffin/project/src/ui/src/components/games/StatusPill.jsx": {"path":"/home/tgriffin/project/src/ui/src/components/games/StatusPill.jsx","all":false,"statementMap":{"0":{"start":{"line":1,"column":0},"end":{"line":1,"column":36}},"1":{"start":{"line":2,"column":0},"end":{"line":2,"column":66}},"4":{"start":{"line":5,"column":0},"end":{"line":5,"column":25}}},"s":{"0":1,"1":4,"4":1},"branchMap":{"0":{"type":"branch","line":1,"loc":{"start":{"line":1,"column":19},"end":{"line":2,"column":66}},"locations":[{"start":{"line":1,"column":19},"end":{"line":2,"column":66}}]}},"b":{"0":[4]},"fnMap":{"0":{"name":"StatusPill","decl":{"start":{"line":1,"column":19},"end":{"line":2,"column":66}},"loc":{"start":{"line":1,"column":19},"end":{"line":2,"column":66}},"line":1}},"f":{"0":4}}
,"/home/tgriffin/project/src/ui/src/components/layout/GameListSection.jsx": {"path":"/home/tgriffin/project/src/ui/src/components/layout/GameListSection.jsx","all":false,"statementMap":{"0":{"start":{"line":1,"column":0},"end":{"line":1,"column":41}},"1":{"start":{"line":2,"column":0},"end":{"line":2,"column":52}},"3":{"start":{"line":4,"column":0},"end":{"line":4,"column":61}},"4":{"start":{"line":5,"column":0},"end":{"line":5,"column":56}},"5":{"start":{"line":6,"column":0},"end":{"line":6,"column":38}},"6":{"start":{"line":7,"column":0},"end":{"line":7,"column":34}},"7":{"start":{"line":8,"column":0},"end":{"line":8,"column":61}},"8":{"start":{"line":9,"column":0},"end":{"line":9,"column":43}},"9":{"start":{"line":10,"column":0},"end":{"line":10,"column":15}},"10":{"start":{"line":11,"column":0},"end":{"line":11,"column":27}},"11":{"start":{"line":12,"column":0},"end":{"line":12,"column":12}},"12":{"start":{"line":13,"column":0},"end":{"line":13,"column":60}},"13":{"start":{"line":14,"column":0},"end":{"line":14,"column":10}},"14":{"start":{"line":15,"column":0},"end":{"line":15,"column":14}},"15":{"start":{"line":16,"column":0},"end":{"line":16,"column":12}},"18":{"start":{"line":19,"column":0},"end":{"line":19,"column":30}}},"s":{"0":1,"1":1,"3":1,"4":3,"5":3,"6":3,"7":3,"8":3,"9":3,"10":3,"11":3,"12":3,"13":3,"14":3,"15":3,"18":1},"branchMap":{"0":{"type":"branch","line":4,"loc":{"start":{"line":4,"column":24},"end":{"line":16,"column":12}},"locations":[{"start":{"line":4,"column":24},"end":{"line":16,"column":12}}]}},"b":{"0":[3]},"fnMap":{"0":{"name":"GameListSection","decl":{"start":{"line":4,"column":24},"end":{"line":16,"column":12}},"loc":{"start":{"line":4,"column":24},"end":{"line":16,"column":12}},"line":4}},"f":{"0":3}}
,"/home/tgriffin/project/src/ui/src/components/layout/Hero.jsx": {"path":"/home/tgriffin/project/src/ui/src/components/layout/Hero.jsx","all":false,"statementMap":{"0":{"start":{"line":1,"column":0},"end":{"line":1,"column":39}},"1":{"start":{"line":2,"column":0},"end":{"line":2,"column":47}},"3":{"start":{"line":4,"column":0},"end":{"line":4,"column":43}},"4":{"start":{"line":5,"column":0},"end":{"line":5,"column":27}},"5":{"start":{"line":6,"column":0},"end":{"line":6,"column":49}},"6":{"start":{"line":7,"column":0},"end":{"line":7,"column":37}},"7":{"start":{"line":8,"column":0},"end":{"line":8,"column":10}},"8":{"start":{"line":9,"column":0},"end":{"line":9,"column":31}},"9":{"start":{"line":10,"column":0},"end":{"line":10,"column":41}},"10":{"start":{"line":11,"column":0},"end":{"line":11,"column":27}},"11":{"start":{"line":12,"column":0},"end":{"line":12,"column":29}},"14":{"start":{"line":15,"column":0},"end":{"line":15,"column":10}},"15":{"start":{"line":16,"column":0},"end":{"line":16,"column":87}},"17":{"start":{"line":18,"column":0},"end":{"line":18,"column":22}},"18":{"start":{"line":19,"column":0},"end":{"line":19,"column":10}},"19":{"start":{"line":20,"column":0},"end":{"line":20,"column":11}},"22":{"start":{"line":23,"column":0},"end":{"line":23,"column":19}}},"s":{"0":1,"1":1,"3":1,"4":4,"5":4,"6":4,"7":4,"8":4,"9":4,"10":4,"11":4,"14":4,"15":4,"17":4,"18":4,"19":4,"22":1},"branchMap":{"0":{"type":"branch","line":4,"loc":{"start":{"line":4,"column":13},"end":{"line":20,"column":11}},"locations":[{"start":{"line":4,"column":13},"end":{"line":20,"column":11}}]}},"b":{"0":[4]},"fnMap":{"0":{"name":"Hero","decl":{"start":{"line":4,"column":13},"end":{"line":20,"column":11}},"loc":{"start":{"line":4,"column":13},"end":{"line":20,"column":11}},"line":4}},"f":{"0":4}}
,"/home/tgriffin/project/src/ui/src/components/layout/PageShell.jsx": {"path":"/home/tgriffin/project/src/ui/src/components/layout/PageShell.jsx","all":false,"statementMap":{"0":{"start":{"line":1,"column":0},"end":{"line":1,"column":56}},"1":{"start":{"line":2,"column":0},"end":{"line":2,"column":24}},"2":{"start":{"line":3,"column":0},"end":{"line":3,"column":86}},"3":{"start":{"line":4,"column":0},"end":{"line":4,"column":12}},"4":{"start":{"line":5,"column":0},"end":{"line":5,"column":8}},"7":{"start":{"line":8,"column":0},"end":{"line":8,"column":24}}},"s":{"0":1,"1":10,"2":10,"3":10,"4":10,"7":1},"branchMap":{"0":{"type":"branch","line":1,"loc":{"start":{"line":1,"column":18},"end":{"line":5,"column":8}},"locations":[{"start":{"line":1,"column":18},"end":{"line":5,"column":8}}]},"1":{"type":"branch","line":3,"loc":{"start":{"line":3,"column":30},"end":{"line":3,"column":57}},"locations":[{"start":{"line":3,"column":30},"end":{"line":3,"column":57}}]}},"b":{"0":[10],"1":[0]},"fnMap":{"0":{"name":"PageShell","decl":{"start":{"line":1,"column":18},"end":{"line":5,"column":8}},"loc":{"start":{"line":1,"column":18},"end":{"line":5,"column":8}},"line":1}},"f":{"0":10}}
,"/home/tgriffin/project/src/ui/src/components/layout/StartGameScreen.jsx": {"path":"/home/tgriffin/project/src/ui/src/components/layout/StartGameScreen.jsx","all":false,"statementMap":{"0":{"start":{"line":1,"column":0},"end":{"line":1,"column":52}},"1":{"start":{"line":2,"column":0},"end":{"line":2,"column":47}},"2":{"start":{"line":3,"column":0},"end":{"line":3,"column":51}},"4":{"start":{"line":5,"column":0},"end":{"line":5,"column":23}},"5":{"start":{"line":6,"column":0},"end":{"line":6,"column":41}},"6":{"start":{"line":7,"column":0},"end":{"line":7,"column":39}},"7":{"start":{"line":8,"column":0},"end":{"line":8,"column":1}},"9":{"start":{"line":10,"column":0},"end":{"line":10,"column":88}},"10":{"start":{"line":11,"column":0},"end":{"line":11,"column":43}},"11":{"start":{"line":12,"column":0},"end":{"line":12,"column":16}},"12":{"start":{"line":13,"column":0},"end":{"line":13,"column":15}},"13":{"start":{"line":14,"column":0},"end":{"line":14,"column":5}},"14":{"start":{"line":15,"column":0},"end":{"line":15,"column":49}},"15":{"start":{"line":16,"column":0},"end":{"line":16,"column":40}},"16":{"start":{"line":17,"column":0},"end":{"line":17,"column":16}},"17":{"start":{"line":18,"column":0},"end":{"line":18,"column":10}},"18":{"start":{"line":19,"column":0},"end":{"line":19,"column":12}},"20":{"start":{"line":21,"column":0},"end":{"line":21,"column":65}},"22":{"start":{"line":23,"column":0},"end":{"line":23,"column":19}},"23":{"start":{"line":24,"column":0},"end":{"line":24,"column":36}},"24":{"start":{"line":25,"column":0},"end":{"line":25,"column":25}},"26":{"start":{"line":27,"column":0},"end":{"line":27,"column":14}},"27":{"start":{"line":28,"column":0},"end":{"line":28,"column":15}},"28":{"start":{"line":29,"column":0},"end":{"line":29,"column":3}},"30":{"start":{"line":31,"column":0},"end":{"line":31,"column":44}},"31":{"start":{"line":32,"column":0},"end":{"line":32,"column":31}},"32":{"start":{"line":33,"column":0},"end":{"line":33,"column":15}},"33":{"start":{"line":34,"column":0},"end":{"line":34,"column":59}},"34":{"start":{"line":35,"column":0},"end":{"line":35,"column":5}},"35":{"start":{"line":36,"column":0},"end":{"line":36,"column":1}},"37":{"start":{"line":38,"column":0},"end":{"line":38,"column":54}},"38":{"start":{"line":39,"column":0},"end":{"line":39,"column":40}},"39":{"start":{"line":40,"column":0},"end":{"line":40,"column":26}},"40":{"start":{"line":41,"column":0},"end":{"line":41,"column":4}},"41":{"start":{"line":42,"column":0},"end":{"line":42,"column":45}},"43":{"start":{"line":44,"column":0},"end":{"line":44,"column":10}},"44":{"start":{"line":45,"column":0},"end":{"line":45,"column":69}},"45":{"start":{"line":46,"column":0},"end":{"line":46,"column":41}},"46":{"start":{"line":47,"column":0},"end":{"line":47,"column":13}},"47":{"start":{"line":48,"column":0},"end":{"line":48,"column":51}},"48":{"start":{"line":49,"column":0},"end":{"line":49,"column":59}},"49":{"start":{"line":50,"column":0},"end":{"line":50,"column":92}},"50":{"start":{"line":51,"column":0},"end":{"line":51,"column":14}},"51":{"start":{"line":52,"column":0},"end":{"line":52,"column":73}},"53":{"start":{"line":54,"column":0},"end":{"line":54,"column":26}},"54":{"start":{"line":55,"column":0},"end":{"line":55,"column":12}},"55":{"start":{"line":56,"column":0},"end":{"line":56,"column":40}},"56":{"start":{"line":57,"column":0},"end":{"line":57,"column":41}},"57":{"start":{"line":58,"column":0},"end":{"line":58,"column":41}},"58":{"start":{"line":59,"column":0},"end":{"line":59,"column":48}},"59":{"start":{"line":60,"column":0},"end":{"line":60,"column":20}},"60":{"start":{"line":61,"column":0},"end":{"line":61,"column":52}},"61":{"start":{"line":62,"column":0},"end":{"line":62,"column":47}},"62":{"start":{"line":63,"column":0},"end":{"line":63,"column":69}},"63":{"start":{"line":64,"column":0},"end":{"line":64,"column":42}},"64":{"start":{"line":65,"column":0},"end":{"line":65,"column":25}},"65":{"start":{"line":66,"column":0},"end":{"line":66,"column":23}},"66":{"start":{"line":67,"column":0},"end":{"line":67,"column":68}},"67":{"start":{"line":68,"column":0},"end":{"line":68,"column":85}},"68":{"start":{"line":69,"column":0},"end":{"line":69,"column":24}},"69":{"start":{"line":70,"column":0},"end":{"line":70,"column":22}},"70":{"start":{"line":71,"column":0},"end":{"line":71,"column":20}},"71":{"start":{"line":72,"column":0},"end":{"line":72,"column":44}},"72":{"start":{"line":73,"column":0},"end":{"line":73,"column":35}},"73":{"start":{"line":74,"column":0},"end":{"line":74,"column":66}},"75":{"start":{"line":76,"column":0},"end":{"line":76,"column":50}},"76":{"start":{"line":77,"column":0},"end":{"line":77,"column":71}},"77":{"start":{"line":78,"column":0},"end":{"line":78,"column":28}},"78":{"start":{"line":79,"column":0},"end":{"line":79,"column":29}},"79":{"start":{"line":80,"column":0},"end":{"line":80,"column":42}},"80":{"start":{"line":81,"column":0},"end":{"line":81,"column":37}},"81":{"start":{"line":82,"column":0},"end":{"line":82,"column":36}},"82":{"start":{"line":83,"column":0},"end":{"line":83,"column":49}},"83":{"start":{"line":84,"column":0},"end":{"line":84,"column":90}},"84":{"start":{"line":85,"column":0},"end":{"line":85,"column":71}},"85":{"start":{"line":86,"column":0},"end":{"line":86,"column":49}},"86":{"start":{"line":87,"column":0},"end":{"line":87,"column":52}},"87":{"start":{"line":88,"column":0},"end":{"line":88,"column":50}},"89":{"start":{"line":90,"column":0},"end":{"line":90,"column":38}},"90":{"start":{"line":91,"column":0},"end":{"line":91,"column":88}},"91":{"start":{"line":92,"column":0},"end":{"line":92,"column":31}},"93":{"start":{"line":94,"column":0},"end":{"line":94,"column":21}},"94":{"start":{"line":95,"column":0},"end":{"line":95,"column":22}},"95":{"start":{"line":96,"column":0},"end":{"line":96,"column":20}},"97":{"start":{"line":98,"column":0},"end":{"line":98,"column":13}},"98":{"start":{"line":99,"column":0},"end":{"line":99,"column":14}},"99":{"start":{"line":100,"column":0},"end":{"line":100,"column":43}},"100":{"start":{"line":101,"column":0},"end":{"line":101,"column":24}},"101":{"start":{"line":102,"column":0},"end":{"line":102,"column":47}},"102":{"start":{"line":103,"column":0},"end":{"line":103,"column":32}},"103":{"start":{"line":104,"column":0},"end":{"line":104,"column":46}},"105":{"start":{"line":106,"column":0},"end":{"line":106,"column":53}},"106":{"start":{"line":107,"column":0},"end":{"line":107,"column":26}},"107":{"start":{"line":108,"column":0},"end":{"line":108,"column":27}},"108":{"start":{"line":109,"column":0},"end":{"line":109,"column":88}},"109":{"start":{"line":110,"column":0},"end":{"line":110,"column":19}},"110":{"start":{"line":111,"column":0},"end":{"line":111,"column":20}},"111":{"start":{"line":112,"column":0},"end":{"line":112,"column":74}},"112":{"start":{"line":113,"column":0},"end":{"line":113,"column":21}},"113":{"start":{"line":114,"column":0},"end":{"line":114,"column":16}},"114":{"start":{"line":115,"column":0},"end":{"line":115,"column":19}},"115":{"start":{"line":116,"column":0},"end":{"line":116,"column":14}},"116":{"start":{"line":117,"column":0},"end":{"line":117,"column":12}},"117":{"start":{"line":118,"column":0},"end":{"line":118,"column":14}},"119":{"start":{"line":120,"column":0},"end":{"line":120,"column":1}},"121":{"start":{"line":122,"column":0},"end":{"line":122,"column":30}}},"s":{"0":1,"1":1,"2":1,"4":1,"5":1,"6":1,"7":1,"9":1,"10":23,"11":6,"12":0,"13":0,"14":6,"15":11,"16":11,"17":6,"18":23,"20":23,"22":23,"23":6,"24":23,"26":23,"27":0,"28":0,"30":23,"31":9,"32":9,"33":9,"34":9,"35":9,"37":23,"38":39,"39":39,"40":23,"41":23,"43":23,"44":23,"45":23,"46":23,"47":23,"48":23,"49":23,"50":23,"51":23,"53":23,"54":23,"55":23,"56":23,"57":23,"58":45,"59":45,"60":45,"61":45,"62":45,"63":45,"64":45,"65":45,"66":45,"67":45,"68":45,"69":45,"70":45,"71":45,"72":45,"73":45,"75":45,"76":90,"77":90,"78":90,"79":90,"80":90,"81":90,"82":90,"83":90,"84":90,"85":90,"86":90,"87":90,"89":90,"90":90,"91":90,"93":45,"94":45,"95":45,"97":23,"98":23,"99":23,"100":23,"101":23,"102":23,"103":23,"105":23,"106":23,"107":23,"108":15,"109":8,"110":23,"111":3,"112":3,"113":3,"114":20,"115":23,"116":23,"117":23,"119":23,"121":1},"branchMap":{"0":{"type":"branch","line":10,"loc":{"start":{"line":10,"column":24},"end":{"line":120,"column":1}},"locations":[{"start":{"line":10,"column":24},"end":{"line":120,"column":1}}]},"1":{"type":"branch","line":27,"loc":{"start":{"line":27,"column":13},"end":{"line":29,"column":3}},"locations":[{"start":{"line":27,"column":13},"end":{"line":29,"column":3}}]},"2":{"type":"branch","line":42,"loc":{"start":{"line":42,"column":19},"end":{"line":42,"column":45}},"locations":[{"start":{"line":42,"column":19},"end":{"line":42,"column":45}}]},"3":{"type":"branch","line":106,"loc":{"start":{"line":106,"column":13},"end":{"line":106,"column":40}},"locations":[{"start":{"line":106,"column":13},"end":{"line":106,"column":40}}]},"4":{"type":"branch","line":106,"loc":{"start":{"line":106,"column":26},"end":{"line":106,"column":53}},"locations":[{"start":{"line":106,"column":26},"end":{"line":106,"column":53}}]},"5":{"type":"branch","line":108,"loc":{"start":{"line":108,"column":12},"end":{"line":109,"column":88}},"locations":[{"start":{"line":108,"column":12},"end":{"line":109,"column":88}}]},"6":{"type":"branch","line":109,"loc":{"start":{"line":109,"column":84},"end":{"line":110,"column":19}},"locations":[{"start":{"line":109,"column":84},"end":{"line":110,"column":19}}]},"7":{"type":"branch","line":111,"loc":{"start":{"line":111,"column":11},"end":{"line":114,"column":16}},"locations":[{"start":{"line":111,"column":11},"end":{"line":114,"column":16}}]},"8":{"type":"branch","line":114,"loc":{"start":{"line":114,"column":12},"end":{"line":115,"column":19}},"locations":[{"start":{"line":114,"column":12},"end":{"line":115,"column":19}}]},"9":{"type":"branch","line":11,"loc":{"start":{"line":11,"column":36},"end":{"line":19,"column":5}},"locations":[{"start":{"line":11,"column":36},"end":{"line":19,"column":5}}]},"10":{"type":"branch","line":12,"loc":{"start":{"line":12,"column":15},"end":{"line":14,"column":5}},"locations":[{"start":{"line":12,"column":15},"end":{"line":14,"column":5}}]},"11":{"type":"branch","line":15,"loc":{"start":{"line":15,"column":31},"end":{"line":18,"column":7}},"locations":[{"start":{"line":15,"column":31},"end":{"line":18,"column":7}}]},"12":{"type":"branch","line":16,"loc":{"start":{"line":16,"column":17},"end":{"line":16,"column":34}},"locations":[{"start":{"line":16,"column":17},"end":{"line":16,"column":34}}]},"13":{"type":"branch","line":23,"loc":{"start":{"line":23,"column":12},"end":{"line":25,"column":5}},"locations":[{"start":{"line":23,"column":12},"end":{"line":25,"column":5}}]},"14":{"type":"branch","line":31,"loc":{"start":{"line":31,"column":21},"end":{"line":36,"column":1}},"locations":[{"start":{"line":31,"column":21},"end":{"line":36,"column":1}}]},"15":{"type":"branch","line":32,"loc":{"start":{"line":32,"column":16},"end":{"line":35,"column":4}},"locations":[{"start":{"line":32,"column":16},"end":{"line":35,"column":4}}]},"16":{"type":"branch","line":34,"loc":{"start":{"line":34,"column":40},"end":{"line":34,"column":53}},"locations":[{"start":{"line":34,"column":40},"end":{"line":34,"column":53}}]},"17":{"type":"branch","line":34,"loc":{"start":{"line":34,"column":48},"end":{"line":34,"column":59}},"locations":[{"start":{"line":34,"column":48},"end":{"line":34,"column":59}}]},"18":{"type":"branch","line":38,"loc":{"start":{"line":38,"column":41},"end":{"line":41,"column":3}},"locations":[{"start":{"line":38,"column":41},"end":{"line":41,"column":3}}]},"19":{"type":"branch","line":39,"loc":{"start":{"line":39,"column":23},"end":{"line":39,"column":40}},"locations":[{"start":{"line":39,"column":23},"end":{"line":39,"column":40}}]},"20":{"type":"branch","line":58,"loc":{"start":{"line":58,"column":28},"end":{"line":98,"column":11}},"locations":[{"start":{"line":58,"column":28},"end":{"line":98,"column":11}}]},"21":{"type":"branch","line":59,"loc":{"start":{"line":59,"column":31},"end":{"line":59,"column":48}},"locations":[{"start":{"line":59,"column":31},"end":{"line":59,"column":48}}]},"22":{"type":"branch","line":64,"loc":{"start":{"line":64,"column":28},"end":{"line":64,"column":42}},"locations":[{"start":{"line":64,"column":28},"end":{"line":64,"column":42}}]},"23":{"type":"branch","line":76,"loc":{"start":{"line":76,"column":37},"end":{"line":94,"column":19}},"locations":[{"start":{"line":76,"column":37},"end":{"line":94,"column":19}}]},"24":{"type":"branch","line":84,"loc":{"start":{"line":84,"column":52},"end":{"line":84,"column":78}},"locations":[{"start":{"line":84,"column":52},"end":{"line":84,"column":78}}]},"25":{"type":"branch","line":84,"loc":{"start":{"line":84,"column":65},"end":{"line":84,"column":80}},"locations":[{"start":{"line":84,"column":65},"end":{"line":84,"column":80}}]},"26":{"type":"branch","line":91,"loc":{"start":{"line":91,"column":25},"end":{"line":91,"column":83}},"locations":[{"start":{"line":91,"column":25},"end":{"line":91,"column":83}}]},"27":{"type":"branch","line":91,"loc":{"start":{"line":91,"column":73},"end":{"line":91,"column":88}},"locations":[{"start":{"line":91,"column":73},"end":{"line":91,"column":88}}]},"28":{"type":"branch","line":85,"loc":{"start":{"line":85,"column":33},"end":{"line":85,"column":71}},"locations":[{"start":{"line":85,"column":33},"end":{"line":85,"column":71}}]},"29":{"type":"branch","line":102,"loc":{"start":{"line":102,"column":21},"end":{"line":102,"column":47}},"locations":[{"start":{"line":102,"column":21},"end":{"line":102,"column":47}}]}},"b":{"0":[23],"1":[0],"2":[8],"3":[3],"4":[20],"5":[15],"6":[8],"7":[3],"8":[20],"9":[6],"10":[0],"11":[11],"12":[0],"13":[6],"14":[9],"15":[9],"16":[1],"17":[8],"18":[39],"19":[0],"20":[45],"21":[0],"22":[0],"23":[90],"24":[25],"25":[65],"26":[25],"27":[65],"28":[9],"29":[3]},"fnMap":{"0":{"name":"StartGameScreen","decl":{"start":{"line":10,"column":24},"end":{"line":120,"column":1}},"loc":{"start":{"line":10,"column":24},"end":{"line":120,"column":1}},"line":10},"1":{"name":"handleSelect","decl":{"start":{"line":31,"column":21},"end":{"line":36,"column":1}},"loc":{"start":{"line":31,"column":21},"end":{"line":36,"column":1}},"line":31},"2":{"name":"onClick","decl":{"start":{"line":85,"column":33},"end":{"line":85,"column":71}},"loc":{"start":{"line":85,"column":33},"end":{"line":85,"column":71}},"line":85},"3":{"name":"onClick","decl":{"start":{"line":102,"column":21},"end":{"line":102,"column":47}},"loc":{"start":{"line":102,"column":21},"end":{"line":102,"column":47}},"line":102}},"f":{"0":23,"1":9,"2":9,"3":3}}
}
